2024-07-20 08:29 +05:00: TimeoutError: Waiting for selector `#onetrust-accept-btn-handler` failed: Waiting failed: 30000ms exceeded
2024-07-20 08:29 +05:00:     at new WaitTask (/home/zohaib/workflow/freelancing/development/krasiBot/node_modules/puppeteer-core/lib/cjs/puppeteer/common/WaitTask.js:50:34)
2024-07-20 08:29 +05:00:     at IsolatedWorld.waitForFunction (/home/zohaib/workflow/freelancing/development/krasiBot/node_modules/puppeteer-core/lib/cjs/puppeteer/api/Realm.js:25:26)
2024-07-20 08:29 +05:00:     at CSSQueryHandler.waitFor (/home/zohaib/workflow/freelancing/development/krasiBot/node_modules/puppeteer-core/lib/cjs/puppeteer/common/QueryHandler.js:172:95)
2024-07-20 08:29 +05:00:     at runNextTicks (node:internal/process/task_queues:60:5)
2024-07-20 08:29 +05:00:     at listOnTimeout (node:internal/timers:538:9)
2024-07-20 08:29 +05:00:     at process.processTimers (node:internal/timers:512:7)
2024-07-20 08:29 +05:00:     at async CdpFrame.waitForSelector (/home/zohaib/workflow/freelancing/development/krasiBot/node_modules/puppeteer-core/lib/cjs/puppeteer/api/Frame.js:522:21)
2024-07-20 08:29 +05:00:     at async CdpPage.waitForSelector (/home/zohaib/workflow/freelancing/development/krasiBot/node_modules/puppeteer-core/lib/cjs/puppeteer/api/Page.js:1305:20)
2024-07-20 08:29 +05:00:     at async grabData (/home/zohaib/workflow/freelancing/development/krasiBot/index.js:65:5)
2024-07-20 12:15 +05:00: ProtocolError: Runtime.callFunctionOn timed out. Increase the 'protocolTimeout' setting in launch/connect calls for a higher timeout if needed.
2024-07-20 12:15 +05:00:     at <instance_members_initializer> (/home/zohaib/workflow/freelancing/development/krasiBot/node_modules/puppeteer-core/lib/cjs/puppeteer/common/CallbackRegistry.js:93:14)
2024-07-20 12:15 +05:00:     at new Callback (/home/zohaib/workflow/freelancing/development/krasiBot/node_modules/puppeteer-core/lib/cjs/puppeteer/common/CallbackRegistry.js:97:16)
2024-07-20 12:15 +05:00:     at CallbackRegistry.create (/home/zohaib/workflow/freelancing/development/krasiBot/node_modules/puppeteer-core/lib/cjs/puppeteer/common/CallbackRegistry.js:22:26)
2024-07-20 12:15 +05:00:     at Connection._rawSend (/home/zohaib/workflow/freelancing/development/krasiBot/node_modules/puppeteer-core/lib/cjs/puppeteer/cdp/Connection.js:89:26)
2024-07-20 12:15 +05:00:     at CdpCDPSession.send (/home/zohaib/workflow/freelancing/development/krasiBot/node_modules/puppeteer-core/lib/cjs/puppeteer/cdp/CDPSession.js:66:33)
2024-07-20 12:15 +05:00:     at next (/home/zohaib/workflow/freelancing/development/krasiBot/node_modules/puppeteer-extra-plugin-stealth/evasions/sourceurl/index.js:34:41)
2024-07-20 12:15 +05:00:     at CdpCDPSession.send (/home/zohaib/workflow/freelancing/development/krasiBot/node_modules/puppeteer-extra-plugin-stealth/evasions/sourceurl/index.js:75:16)
2024-07-20 12:15 +05:00:     at #evaluate (/home/zohaib/workflow/freelancing/development/krasiBot/node_modules/puppeteer-core/lib/cjs/puppeteer/cdp/ExecutionContext.js:358:50)
2024-07-20 12:15 +05:00:     at async ExecutionContext.evaluate (/home/zohaib/workflow/freelancing/development/krasiBot/node_modules/puppeteer-core/lib/cjs/puppeteer/cdp/ExecutionContext.js:273:16)
2024-07-20 12:15 +05:00:     at async IsolatedWorld.evaluate (/home/zohaib/workflow/freelancing/development/krasiBot/node_modules/puppeteer-core/lib/cjs/puppeteer/cdp/IsolatedWorld.js:99:16)
2024-07-20 15:51 +05:00: Error: net::ERR_NAME_NOT_RESOLVED at https://www.spareroom.co.uk/flatshare/mythreads_beta.pl
2024-07-20 15:51 +05:00:     at navigate (/home/zohaib/workflow/freelancing/development/krasiBot/node_modules/puppeteer-core/lib/cjs/puppeteer/cdp/Frame.js:186:27)
2024-07-20 15:51 +05:00:     at async Deferred.race (/home/zohaib/workflow/freelancing/development/krasiBot/node_modules/puppeteer-core/lib/cjs/puppeteer/util/Deferred.js:36:20)
2024-07-20 15:51 +05:00:     at async CdpFrame.goto (/home/zohaib/workflow/freelancing/development/krasiBot/node_modules/puppeteer-core/lib/cjs/puppeteer/cdp/Frame.js:152:25)
2024-07-20 15:51 +05:00:     at async CdpPage.goto (/home/zohaib/workflow/freelancing/development/krasiBot/node_modules/puppeteer-core/lib/cjs/puppeteer/api/Page.js:588:20)
2024-07-20 15:51 +05:00:     at async launchBrowser (/home/zohaib/workflow/freelancing/development/krasiBot/index.js:49:7)
2024-07-20 15:51 +05:00:     at async grabData (/home/zohaib/workflow/freelancing/development/krasiBot/index.js:63:27)
